<?xml version="1.0" encoding="UTF-8"?>
<robot generator="Robot 3.2.2 (Python 3.9.0 on win32)" generated="20210129 19:34:54.224" rpa="false">
<suite id="s1" name="Robot" source="C:\Users\Dorin\Documents\Assignment-1\robotframework\robot.robot">
<test id="s1-t1" name="Go To homepage">
<kw name="Open Browser" library="SeleniumLibrary">
<doc>Opens a new browser instance to the optional ``url``.</doc>
<arguments>
<arg>${HOMEPAGE}</arg>
<arg>${BROWSER}</arg>
</arguments>
<msg timestamp="20210129 19:34:54.442" level="INFO">Opening browser 'Chrome' to base url 'https://www.cs.kku.ac.th/index.php/th/'.</msg>
<status status="PASS" starttime="20210129 19:34:54.442" endtime="20210129 19:35:01.304"></status>
</kw>
<kw name="Title Should Be" library="SeleniumLibrary">
<doc>Verifies that the current page title equals ``title``.</doc>
<arguments>
<arg>สาขาวิชาวิทยาการคอมพิวเตอร์ คณะวิทยาศาสตร์ มหาวิทยาลัยขอนแก่น Department of Computer Science, Faculty of Science, Khon Kaen University</arg>
</arguments>
<msg timestamp="20210129 19:35:01.314" level="INFO">Page title is 'สาขาวิชาวิทยาการคอมพิวเตอร์ คณะวิทยาศาสตร์ มหาวิทยาลัยขอนแก่น Department of Computer Science, Faculty of Science, Khon Kaen University'.</msg>
<status status="PASS" starttime="20210129 19:35:01.305" endtime="20210129 19:35:01.315"></status>
</kw>
<status status="PASS" starttime="20210129 19:34:54.441" endtime="20210129 19:35:01.316" critical="yes"></status>
</test>
<status status="PASS" starttime="20210129 19:34:54.226" endtime="20210129 19:35:01.319"></status>
</suite>
<statistics>
<total>
<stat pass="1" fail="0">Critical Tests</stat>
<stat pass="1" fail="0">All Tests</stat>
</total>
<tag>
</tag>
<suite>
<stat pass="1" fail="0" id="s1" name="Robot">Robot</stat>
</suite>
</statistics>
<errors>
</errors>
</robot>
